[INFO] Scanning for projects...
[INFO]                                                                         
[INFO] ------------------------------------------------------------------------
[INFO] Building jobvacancy 0.0.4-SNAPSHOT
[INFO] ------------------------------------------------------------------------
[INFO] 
[INFO] --- maven-enforcer-plugin:1.3.1:enforce (enforce-versions) @ jobvacancy ---
[INFO] 
[INFO] --- jacoco-maven-plugin:0.7.4.201502262128:prepare-agent (pre-unit-tests) @ jobvacancy ---
[INFO] surefireArgLine set to -javaagent:/home/lago/.m2/repository/org/jacoco/org.jacoco.agent/0.7.4.201502262128/org.jacoco.agent-0.7.4.201502262128-runtime.jar=destfile=/home/lago/prueba/nuevo/target/test-results/coverage/jacoco/jacoco.exec
[INFO] 
[INFO] --- maven-processor-plugin:2.2.4:process (process) @ jobvacancy ---
[WARNING] diagnostic: warning: The following options were not recognized by any processor: '[mapstruct.defaultComponentModel, mapstruct.suppressGeneratorTimestamp]'
[INFO] 
[INFO] --- maven-resources-plugin:2.6:resources (default-resources) @ jobvacancy ---
[INFO] Using 'UTF-8' encoding to copy filtered resources.
[INFO] Copying 5 resources
[INFO] Copying 13 resources
[INFO] 
[INFO] --- maven-compiler-plugin:3.1:compile (default-compile) @ jobvacancy ---
[INFO] Nothing to compile - all classes are up to date
[INFO] 
[INFO] --- maven-resources-plugin:2.6:testResources (default-testResources) @ jobvacancy ---
[INFO] Using 'UTF-8' encoding to copy filtered resources.
[INFO] Copying 3 resources
[INFO] 
[INFO] --- maven-compiler-plugin:3.1:testCompile (default-testCompile) @ jobvacancy ---
[INFO] Nothing to compile - all classes are up to date
[INFO] 
[INFO] --- maven-surefire-plugin:2.17:test (default-test) @ jobvacancy ---
[INFO] Surefire report directory: /home/lago/prueba/nuevo/target/surefire-reports

-------------------------------------------------------
 T E S T S
-------------------------------------------------------
Running com.jobvacancy.cucumber.CucumberTest
Tests run: 1, Failures: 0, Errors: 1, Skipped: 0, Time elapsed: 0.97 sec <<< FAILURE! - in com.jobvacancy.cucumber.CucumberTest
initializationError(com.jobvacancy.cucumber.CucumberTest)  Time elapsed: 0.022 sec  <<< ERROR!
cucumber.runtime.CucumberException: Error parsing feature file linkCV.feature
	at cucumber.runtime.FeatureBuilder.parse(FeatureBuilder.java:133)
	at cucumber.runtime.model.CucumberFeature.loadFromFeaturePath(CucumberFeature.java:104)
	at cucumber.runtime.model.CucumberFeature.load(CucumberFeature.java:54)
	at cucumber.runtime.model.CucumberFeature.load(CucumberFeature.java:34)
	at cucumber.runtime.RuntimeOptions.cucumberFeatures(RuntimeOptions.java:235)
	at cucumber.api.junit.Cucumber.<init>(Cucumber.java:60)
	at sun.reflect.NativeConstructorAccessorImpl.newInstance0(Native Method)
	at sun.reflect.NativeConstructorAccessorImpl.newInstance(NativeConstructorAccessorImpl.java:62)
	at sun.reflect.DelegatingConstructorAccessorImpl.newInstance(DelegatingConstructorAccessorImpl.java:45)
	at java.lang.reflect.Constructor.newInstance(Constructor.java:423)
	at org.junit.internal.builders.AnnotatedBuilder.buildRunner(AnnotatedBuilder.java:104)
	at org.junit.internal.builders.AnnotatedBuilder.runnerForClass(AnnotatedBuilder.java:86)
	at org.junit.runners.model.RunnerBuilder.safeRunnerForClass(RunnerBuilder.java:59)
	at org.junit.internal.builders.AllDefaultPossibilitiesBuilder.runnerForClass(AllDefaultPossibilitiesBuilder.java:26)
	at org.junit.runners.model.RunnerBuilder.safeRunnerForClass(RunnerBuilder.java:59)
	at org.junit.internal.requests.ClassRequest.getRunner(ClassRequest.java:33)
	at org.apache.maven.surefire.junit4.JUnit4Provider.execute(JUnit4Provider.java:262)
	at org.apache.maven.surefire.junit4.JUnit4Provider.executeTestSet(JUnit4Provider.java:153)
	at org.apache.maven.surefire.junit4.JUnit4Provider.invoke(JUnit4Provider.java:124)
	at org.apache.maven.surefire.booter.ForkedBooter.invokeProviderInSameClassLoader(ForkedBooter.java:200)
	at org.apache.maven.surefire.booter.ForkedBooter.runSuitesInProcess(ForkedBooter.java:153)
	at org.apache.maven.surefire.booter.ForkedBooter.main(ForkedBooter.java:103)
Caused by: gherkin.lexer.LexingError: Lexing error on line 11: 'a su CV and se postula para la jobOffer
Then no se envia mail al oferente de la jobOffer

Scenario: El postulante no ingresa un link a su CV al postularse a una jobOffer
Given el postulante ha ingresado su nombre y un mail
When el postulante no ingresa un link a su CV and se postula para la jobOffer
Then no se envia mail al oferente de la jobOffer

%_FEATURE_END_%'. See http://wiki.github.com/cucumber/gherkin/lexingerror for more information.
	at gherkin.lexer.En.scan(En.java:872)
	at gherkin.lexer.I18nLexer.scan(I18nLexer.java:36)
	at gherkin.parser.Parser.parse(Parser.java:62)
	at cucumber.runtime.FeatureBuilder.parse(FeatureBuilder.java:131)
	at cucumber.runtime.model.CucumberFeature.loadFromFeaturePath(CucumberFeature.java:104)
	at cucumber.runtime.model.CucumberFeature.load(CucumberFeature.java:54)
	at cucumber.runtime.model.CucumberFeature.load(CucumberFeature.java:34)
	at cucumber.runtime.RuntimeOptions.cucumberFeatures(RuntimeOptions.java:235)
	at cucumber.api.junit.Cucumber.<init>(Cucumber.java:60)
	at sun.reflect.NativeConstructorAccessorImpl.newInstance0(Native Method)
	at sun.reflect.NativeConstructorAccessorImpl.newInstance(NativeConstructorAccessorImpl.java:62)
	at sun.reflect.DelegatingConstructorAccessorImpl.newInstance(DelegatingConstructorAccessorImpl.java:45)
	at java.lang.reflect.Constructor.newInstance(Constructor.java:423)
	at org.junit.internal.builders.AnnotatedBuilder.buildRunner(AnnotatedBuilder.java:104)
	at org.junit.internal.builders.AnnotatedBuilder.runnerForClass(AnnotatedBuilder.java:86)
	at org.junit.runners.model.RunnerBuilder.safeRunnerForClass(RunnerBuilder.java:59)
	at org.junit.internal.builders.AllDefaultPossibilitiesBuilder.runnerForClass(AllDefaultPossibilitiesBuilder.java:26)
	at org.junit.runners.model.RunnerBuilder.safeRunnerForClass(RunnerBuilder.java:59)
	at org.junit.internal.requests.ClassRequest.getRunner(ClassRequest.java:33)
	at org.apache.maven.surefire.junit4.JUnit4Provider.execute(JUnit4Provider.java:262)
	at org.apache.maven.surefire.junit4.JUnit4Provider.executeTestSet(JUnit4Provider.java:153)
	at org.apache.maven.surefire.junit4.JUnit4Provider.invoke(JUnit4Provider.java:124)
	at org.apache.maven.surefire.booter.ForkedBooter.invokeProviderInSameClassLoader(ForkedBooter.java:200)
	at org.apache.maven.surefire.booter.ForkedBooter.runSuitesInProcess(ForkedBooter.java:153)
	at org.apache.maven.surefire.booter.ForkedBooter.main(ForkedBooter.java:103)

Running com.jobvacancy.security.SecurityUtilsTest
Tests run: 3, Failures: 0, Errors: 0, Skipped: 0, Time elapsed: 0.208 sec - in com.jobvacancy.security.SecurityUtilsTest
Running com.jobvacancy.service.UserServiceTest
 _     _   ___   __  _____  ____  ___       __  _____   __    __    _
| |_| | | | |_) ( (`  | |  | |_  | |_)     ( (`  | |   / /\  / /`  | |_/
|_| | |_| |_|   _)_)  |_|  |_|__ |_| \     _)_)  |_|  /_/--\ \_\_, |_| \
                             ____  ___   ___
                            | |_  / / \ | |_)
                            |_|   \_\_/ |_| \
              _    __    _       __        ___   ____  _      __
             | |  / /\  \ \  /  / /\      | | \ | |_  \ \  / ( (`
           \_|_| /_/--\  \_\/  /_/--\     |_|_/ |_|__  \_\/  _)_)

[INFO] com.jobvacancy.service.UserServiceTest - Starting UserServiceTest on lago-SVF14214CLW with PID 6303 (/home/lago/prueba/nuevo/target/test-classes started by lago in /home/lago/prueba/nuevo)
[DEBUG] com.jobvacancy.service.UserServiceTest - Running with Spring Boot v1.2.6.RELEASE, Spring v4.1.7.RELEASE
[DEBUG] com.jobvacancy.config.AsyncConfiguration - Creating Async Task Executor
[DEBUG] com.jobvacancy.config.MetricsConfiguration - Registering JVM gauges
[DEBUG] com.jobvacancy.config.DatabaseConfiguration - Configuring Datasource
[DEBUG] com.jobvacancy.config.DatabaseConfiguration - Configuring Liquibase
[DEBUG] com.jobvacancy.config.MailConfiguration - Configuring mail server
[WARN] com.jobvacancy.Application - No Spring profile configured, running with default configuration
[INFO] com.jobvacancy.config.WebConfigurer - Web application configuration, using profiles: []
[DEBUG] com.jobvacancy.config.WebConfigurer - Initializing Metrics registries
[DEBUG] com.jobvacancy.config.WebConfigurer - Registering Metrics Filter
[DEBUG] com.jobvacancy.config.WebConfigurer - Registering Metrics Servlet
[INFO] com.jobvacancy.config.WebConfigurer - Web application fully configured
[INFO] com.jobvacancy.config.ThymeleafConfiguration - loading non-reloadable mail messages resources
[DEBUG] com.jobvacancy.config.apidoc.SwaggerConfiguration - Starting Swagger
[DEBUG] com.jobvacancy.config.apidoc.SwaggerConfiguration - Started Swagger in 43 ms
[DEBUG] com.jobvacancy.config.CacheConfiguration - Starting Ehcache
[DEBUG] com.jobvacancy.config.CacheConfiguration - Registering Ehcache Metrics gauges
[INFO] com.jobvacancy.service.UserServiceTest - Started UserServiceTest in 29.812 seconds (JVM running for 33.947)
Hibernate: select user0_.id as id1_4_, user0_.created_by as created_2_4_, user0_.created_date as created_3_4_, user0_.last_modified_by as last_mod4_4_, user0_.last_modified_date as last_mod5_4_, user0_.activated as activate6_4_, user0_.activation_key as activati7_4_, user0_.email as email8_4_, user0_.first_name as first_na9_4_, user0_.lang_key as lang_ke10_4_, user0_.last_name as last_na11_4_, user0_.login as login12_4_, user0_.password as passwor13_4_, user0_.reset_date as reset_d14_4_, user0_.reset_key as reset_k15_4_ from jhi_user user0_ where user0_.email=?
Hibernate: select user0_.id as id1_4_, user0_.created_by as created_2_4_, user0_.created_date as created_3_4_, user0_.last_modified_by as last_mod4_4_, user0_.last_modified_date as last_mod5_4_, user0_.activated as activate6_4_, user0_.activation_key as activati7_4_, user0_.email as email8_4_, user0_.first_name as first_na9_4_, user0_.lang_key as lang_ke10_4_, user0_.last_name as last_na11_4_, user0_.login as login12_4_, user0_.password as passwor13_4_, user0_.reset_date as reset_d14_4_, user0_.reset_key as reset_k15_4_ from jhi_user user0_ where user0_.email=?
Hibernate: select authority0_.name as name1_0_0_ from jhi_authority authority0_ where authority0_.name=?
Hibernate: insert into jhi_user (id, created_by, created_date, last_modified_by, last_modified_date, activated, activation_key, email, first_name, lang_key, last_name, login, password, reset_date, reset_key) values (null, ?, ?, ?, ?, ?, ?, ?, ?, ?, ?, ?, ?, ?, ?)
[DEBUG] com.jobvacancy.service.UserService - Created Information for User: User{login='johndoe', firstName='John', lastName='Doe', email='john.doe@localhost', activated='true', langKey='en-US', activationKey='null'}
[DEBUG] com.jobvacancy.service.UserService - Reset user password for reset key 1234
Hibernate: update jhi_user set created_date=?, last_modified_by=?, last_modified_date=?, activated=?, activation_key=?, email=?, first_name=?, lang_key=?, last_name=?, login=?, password=?, reset_date=?, reset_key=? where id=?
Hibernate: insert into jhi_user_authority (user_id, authority_name) values (?, ?)
Hibernate: select user0_.id as id1_4_, user0_.created_by as created_2_4_, user0_.created_date as created_3_4_, user0_.last_modified_by as last_mod4_4_, user0_.last_modified_date as last_mod5_4_, user0_.activated as activate6_4_, user0_.activation_key as activati7_4_, user0_.email as email8_4_, user0_.first_name as first_na9_4_, user0_.lang_key as lang_ke10_4_, user0_.last_name as last_na11_4_, user0_.login as login12_4_, user0_.password as passwor13_4_, user0_.reset_date as reset_d14_4_, user0_.reset_key as reset_k15_4_ from jhi_user user0_ where user0_.reset_key=?
Hibernate: select authority0_.name as name1_0_0_ from jhi_authority authority0_ where authority0_.name=?
Hibernate: insert into jhi_user (id, created_by, created_date, last_modified_by, last_modified_date, activated, activation_key, email, first_name, lang_key, last_name, login, password, reset_date, reset_key) values (null, ?, ?, ?, ?, ?, ?, ?, ?, ?, ?, ?, ?, ?, ?)
[DEBUG] com.jobvacancy.service.UserService - Created Information for User: User{login='johndoe', firstName='John', lastName='Doe', email='john.doe@localhost', activated='true', langKey='en-US', activationKey='null'}
[DEBUG] com.jobvacancy.service.UserService - Reset user password for reset key 75869970118905694544
Hibernate: update jhi_user set created_date=?, last_modified_by=?, last_modified_date=?, activated=?, activation_key=?, email=?, first_name=?, lang_key=?, last_name=?, login=?, password=?, reset_date=?, reset_key=? where id=?
Hibernate: insert into jhi_user_authority (user_id, authority_name) values (?, ?)
Hibernate: select user0_.id as id1_4_, user0_.created_by as created_2_4_, user0_.created_date as created_3_4_, user0_.last_modified_by as last_mod4_4_, user0_.last_modified_date as last_mod5_4_, user0_.activated as activate6_4_, user0_.activation_key as activati7_4_, user0_.email as email8_4_, user0_.first_name as first_na9_4_, user0_.lang_key as lang_ke10_4_, user0_.last_name as last_na11_4_, user0_.login as login12_4_, user0_.password as passwor13_4_, user0_.reset_date as reset_d14_4_, user0_.reset_key as reset_k15_4_ from jhi_user user0_ where user0_.reset_key=?
Hibernate: select user0_.id as id1_4_, user0_.created_by as created_2_4_, user0_.created_date as created_3_4_, user0_.last_modified_by as last_mod4_4_, user0_.last_modified_date as last_mod5_4_, user0_.activated as activate6_4_, user0_.activation_key as activati7_4_, user0_.email as email8_4_, user0_.first_name as first_na9_4_, user0_.lang_key as lang_ke10_4_, user0_.last_name as last_na11_4_, user0_.login as login12_4_, user0_.password as passwor13_4_, user0_.reset_date as reset_d14_4_, user0_.reset_key as reset_k15_4_ from jhi_user user0_ where user0_.activated=0 and user0_.created_date<?
Hibernate: select user0_.id as id1_4_, user0_.created_by as created_2_4_, user0_.created_date as created_3_4_, user0_.last_modified_by as last_mod4_4_, user0_.last_modified_date as last_mod5_4_, user0_.activated as activate6_4_, user0_.activation_key as activati7_4_, user0_.email as email8_4_, user0_.first_name as first_na9_4_, user0_.lang_key as lang_ke10_4_, user0_.last_name as last_na11_4_, user0_.login as login12_4_, user0_.password as passwor13_4_, user0_.reset_date as reset_d14_4_, user0_.reset_key as reset_k15_4_ from jhi_user user0_ where user0_.activated=0 and user0_.created_date<?
Hibernate: select user0_.id as id1_4_, user0_.created_by as created_2_4_, user0_.created_date as created_3_4_, user0_.last_modified_by as last_mod4_4_, user0_.last_modified_date as last_mod5_4_, user0_.activated as activate6_4_, user0_.activation_key as activati7_4_, user0_.email as email8_4_, user0_.first_name as first_na9_4_, user0_.lang_key as lang_ke10_4_, user0_.last_name as last_na11_4_, user0_.login as login12_4_, user0_.password as passwor13_4_, user0_.reset_date as reset_d14_4_, user0_.reset_key as reset_k15_4_ from jhi_user user0_ where user0_.login=?
Hibernate: select persistent0_.series as series1_3_, persistent0_.ip_address as ip_addre2_3_, persistent0_.token_date as token_da3_3_, persistent0_.token_value as token_va4_3_, persistent0_.user_id as user_id6_3_, persistent0_.user_agent as user_age5_3_ from jhi_persistent_token persistent0_ left outer join jhi_user user1_ on persistent0_.user_id=user1_.id where user1_.id=?
Hibernate: select persistent0_.series as series1_3_0_, persistent0_.ip_address as ip_addre2_3_0_, persistent0_.token_date as token_da3_3_0_, persistent0_.token_value as token_va4_3_0_, persistent0_.user_id as user_id6_3_0_, persistent0_.user_agent as user_age5_3_0_ from jhi_persistent_token persistent0_ where persistent0_.series=?
Hibernate: insert into jhi_persistent_token (ip_address, token_date, token_value, user_id, user_agent, series) values (?, ?, ?, ?, ?, ?)
Hibernate: select persistent0_.series as series1_3_0_, persistent0_.ip_address as ip_addre2_3_0_, persistent0_.token_date as token_da3_3_0_, persistent0_.token_value as token_va4_3_0_, persistent0_.user_id as user_id6_3_0_, persistent0_.user_agent as user_age5_3_0_ from jhi_persistent_token persistent0_ where persistent0_.series=?
Hibernate: insert into jhi_persistent_token (ip_address, token_date, token_value, user_id, user_agent, series) values (?, ?, ?, ?, ?, ?)
Hibernate: select persistent0_.series as series1_3_, persistent0_.ip_address as ip_addre2_3_, persistent0_.token_date as token_da3_3_, persistent0_.token_value as token_va4_3_, persistent0_.user_id as user_id6_3_, persistent0_.user_agent as user_age5_3_ from jhi_persistent_token persistent0_ left outer join jhi_user user1_ on persistent0_.user_id=user1_.id where user1_.id=?
Hibernate: select persistent0_.series as series1_3_, persistent0_.ip_address as ip_addre2_3_, persistent0_.token_date as token_da3_3_, persistent0_.token_value as token_va4_3_, persistent0_.user_id as user_id6_3_, persistent0_.user_agent as user_age5_3_ from jhi_persistent_token persistent0_ where persistent0_.token_date<?
[DEBUG] com.jobvacancy.service.UserService - Deleting token 2222-2222
Hibernate: select persistent0_.user_id as user_id6_4_0_, persistent0_.series as series1_3_0_, persistent0_.series as series1_3_1_, persistent0_.ip_address as ip_addre2_3_1_, persistent0_.token_date as token_da3_3_1_, persistent0_.token_value as token_va4_3_1_, persistent0_.user_id as user_id6_3_1_, persistent0_.user_agent as user_age5_3_1_ from jhi_persistent_token persistent0_ where persistent0_.user_id=?
Hibernate: delete from jhi_persistent_token where series=?
Hibernate: select persistent0_.series as series1_3_, persistent0_.ip_address as ip_addre2_3_, persistent0_.token_date as token_da3_3_, persistent0_.token_value as token_va4_3_, persistent0_.user_id as user_id6_3_, persistent0_.user_agent as user_age5_3_ from jhi_persistent_token persistent0_ left outer join jhi_user user1_ on persistent0_.user_id=user1_.id where user1_.id=?
Hibernate: select authority0_.name as name1_0_0_ from jhi_authority authority0_ where authority0_.name=?
Hibernate: insert into jhi_user (id, created_by, created_date, last_modified_by, last_modified_date, activated, activation_key, email, first_name, lang_key, last_name, login, password, reset_date, reset_key) values (null, ?, ?, ?, ?, ?, ?, ?, ?, ?, ?, ?, ?, ?, ?)
[DEBUG] com.jobvacancy.service.UserService - Created Information for User: User{login='johndoe', firstName='John', lastName='Doe', email='john.doe@localhost', activated='true', langKey='en-US', activationKey='null'}
[DEBUG] com.jobvacancy.service.UserService - Reset user password for reset key 86346629269188835644
Hibernate: update jhi_user set created_date=?, last_modified_by=?, last_modified_date=?, activated=?, activation_key=?, email=?, first_name=?, lang_key=?, last_name=?, login=?, password=?, reset_date=?, reset_key=? where id=?
Hibernate: insert into jhi_user_authority (user_id, authority_name) values (?, ?)
Hibernate: select user0_.id as id1_4_, user0_.created_by as created_2_4_, user0_.created_date as created_3_4_, user0_.last_modified_by as last_mod4_4_, user0_.last_modified_date as last_mod5_4_, user0_.activated as activate6_4_, user0_.activation_key as activati7_4_, user0_.email as email8_4_, user0_.first_name as first_na9_4_, user0_.lang_key as lang_ke10_4_, user0_.last_name as last_na11_4_, user0_.login as login12_4_, user0_.password as passwor13_4_, user0_.reset_date as reset_d14_4_, user0_.reset_key as reset_k15_4_ from jhi_user user0_ where user0_.reset_key=?
Tests run: 7, Failures: 0, Errors: 0, Skipped: 1, Time elapsed: 32.236 sec - in com.jobvacancy.service.UserServiceTest
Running com.jobvacancy.web.rest.AccountResourceTest
Hibernate: select user0_.id as id1_4_, user0_.created_by as created_2_4_, user0_.created_date as created_3_4_, user0_.last_modified_by as last_mod4_4_, user0_.last_modified_date as last_mod5_4_, user0_.activated as activate6_4_, user0_.activation_key as activati7_4_, user0_.email as email8_4_, user0_.first_name as first_na9_4_, user0_.lang_key as lang_ke10_4_, user0_.last_name as last_na11_4_, user0_.login as login12_4_, user0_.password as passwor13_4_, user0_.reset_date as reset_d14_4_, user0_.reset_key as reset_k15_4_ from jhi_user user0_ where user0_.login=?
Hibernate: select user0_.id as id1_4_, user0_.created_by as created_2_4_, user0_.created_date as created_3_4_, user0_.last_modified_by as last_mod4_4_, user0_.last_modified_date as last_mod5_4_, user0_.activated as activate6_4_, user0_.activation_key as activati7_4_, user0_.email as email8_4_, user0_.first_name as first_na9_4_, user0_.lang_key as lang_ke10_4_, user0_.last_name as last_na11_4_, user0_.login as login12_4_, user0_.password as passwor13_4_, user0_.reset_date as reset_d14_4_, user0_.reset_key as reset_k15_4_ from jhi_user user0_ where user0_.email=?
Hibernate: select user0_.id as id1_4_, user0_.created_by as created_2_4_, user0_.created_date as created_3_4_, user0_.last_modified_by as last_mod4_4_, user0_.last_modified_date as last_mod5_4_, user0_.activated as activate6_4_, user0_.activation_key as activati7_4_, user0_.email as email8_4_, user0_.first_name as first_na9_4_, user0_.lang_key as lang_ke10_4_, user0_.last_name as last_na11_4_, user0_.login as login12_4_, user0_.password as passwor13_4_, user0_.reset_date as reset_d14_4_, user0_.reset_key as reset_k15_4_ from jhi_user user0_ where user0_.login=?
Hibernate: select user0_.id as id1_4_, user0_.created_by as created_2_4_, user0_.created_date as created_3_4_, user0_.last_modified_by as last_mod4_4_, user0_.last_modified_date as last_mod5_4_, user0_.activated as activate6_4_, user0_.activation_key as activati7_4_, user0_.email as email8_4_, user0_.first_name as first_na9_4_, user0_.lang_key as lang_ke10_4_, user0_.last_name as last_na11_4_, user0_.login as login12_4_, user0_.password as passwor13_4_, user0_.reset_date as reset_d14_4_, user0_.reset_key as reset_k15_4_ from jhi_user user0_ where user0_.email=?
Hibernate: select authority0_.name as name1_0_0_ from jhi_authority authority0_ where authority0_.name=?
Hibernate: insert into jhi_user (id, created_by, created_date, last_modified_by, last_modified_date, activated, activation_key, email, first_name, lang_key, last_name, login, password, reset_date, reset_key) values (null, ?, ?, ?, ?, ?, ?, ?, ?, ?, ?, ?, ?, ?, ?)
[DEBUG] com.jobvacancy.service.UserService - Created Information for User: User{login='badguy', firstName='Bad', lastName='Guy', email='badguy@example.com', activated='true', langKey='en', activationKey='null'}
Hibernate: select user0_.id as id1_4_, user0_.created_by as created_2_4_, user0_.created_date as created_3_4_, user0_.last_modified_by as last_mod4_4_, user0_.last_modified_date as last_mod5_4_, user0_.activated as activate6_4_, user0_.activation_key as activati7_4_, user0_.email as email8_4_, user0_.first_name as first_na9_4_, user0_.lang_key as lang_ke10_4_, user0_.last_name as last_na11_4_, user0_.login as login12_4_, user0_.password as passwor13_4_, user0_.reset_date as reset_d14_4_, user0_.reset_key as reset_k15_4_ from jhi_user user0_ where user0_.login=?
Hibernate: select user0_.id as id1_4_, user0_.created_by as created_2_4_, user0_.created_date as created_3_4_, user0_.last_modified_by as last_mod4_4_, user0_.last_modified_date as last_mod5_4_, user0_.activated as activate6_4_, user0_.activation_key as activati7_4_, user0_.email as email8_4_, user0_.first_name as first_na9_4_, user0_.lang_key as lang_ke10_4_, user0_.last_name as last_na11_4_, user0_.login as login12_4_, user0_.password as passwor13_4_, user0_.reset_date as reset_d14_4_, user0_.reset_key as reset_k15_4_ from jhi_user user0_ where user0_.login=?
Hibernate: select user0_.id as id1_4_, user0_.created_by as created_2_4_, user0_.created_date as created_3_4_, user0_.last_modified_by as last_mod4_4_, user0_.last_modified_date as last_mod5_4_, user0_.activated as activate6_4_, user0_.activation_key as activati7_4_, user0_.email as email8_4_, user0_.first_name as first_na9_4_, user0_.lang_key as lang_ke10_4_, user0_.last_name as last_na11_4_, user0_.login as login12_4_, user0_.password as passwor13_4_, user0_.reset_date as reset_d14_4_, user0_.reset_key as reset_k15_4_ from jhi_user user0_ where user0_.email=?
Hibernate: select authority0_.name as name1_0_0_ from jhi_authority authority0_ where authority0_.name=?
Hibernate: insert into jhi_user (id, created_by, created_date, last_modified_by, last_modified_date, activated, activation_key, email, first_name, lang_key, last_name, login, password, reset_date, reset_key) values (null, ?, ?, ?, ?, ?, ?, ?, ?, ?, ?, ?, ?, ?, ?)
[DEBUG] com.jobvacancy.service.UserService - Created Information for User: User{login='john', firstName='John', lastName='Doe', email='john@example.com', activated='true', langKey='en', activationKey='null'}
Hibernate: select user0_.id as id1_4_, user0_.created_by as created_2_4_, user0_.created_date as created_3_4_, user0_.last_modified_by as last_mod4_4_, user0_.last_modified_date as last_mod5_4_, user0_.activated as activate6_4_, user0_.activation_key as activati7_4_, user0_.email as email8_4_, user0_.first_name as first_na9_4_, user0_.lang_key as lang_ke10_4_, user0_.last_name as last_na11_4_, user0_.login as login12_4_, user0_.password as passwor13_4_, user0_.reset_date as reset_d14_4_, user0_.reset_key as reset_k15_4_ from jhi_user user0_ where user0_.login=?
Hibernate: select user0_.id as id1_4_, user0_.created_by as created_2_4_, user0_.created_date as created_3_4_, user0_.last_modified_by as last_mod4_4_, user0_.last_modified_date as last_mod5_4_, user0_.activated as activate6_4_, user0_.activation_key as activati7_4_, user0_.email as email8_4_, user0_.first_name as first_na9_4_, user0_.lang_key as lang_ke10_4_, user0_.last_name as last_na11_4_, user0_.login as login12_4_, user0_.password as passwor13_4_, user0_.reset_date as reset_d14_4_, user0_.reset_key as reset_k15_4_ from jhi_user user0_ where user0_.email=?
Hibernate: select user0_.id as id1_4_, user0_.created_by as created_2_4_, user0_.created_date as created_3_4_, user0_.last_modified_by as last_mod4_4_, user0_.last_modified_date as last_mod5_4_, user0_.activated as activate6_4_, user0_.activation_key as activati7_4_, user0_.email as email8_4_, user0_.first_name as first_na9_4_, user0_.lang_key as lang_ke10_4_, user0_.last_name as last_na11_4_, user0_.login as login12_4_, user0_.password as passwor13_4_, user0_.reset_date as reset_d14_4_, user0_.reset_key as reset_k15_4_ from jhi_user user0_ where user0_.login=?
Hibernate: select user0_.id as id1_4_, user0_.created_by as created_2_4_, user0_.created_date as created_3_4_, user0_.last_modified_by as last_mod4_4_, user0_.last_modified_date as last_mod5_4_, user0_.activated as activate6_4_, user0_.activation_key as activati7_4_, user0_.email as email8_4_, user0_.first_name as first_na9_4_, user0_.lang_key as lang_ke10_4_, user0_.last_name as last_na11_4_, user0_.login as login12_4_, user0_.password as passwor13_4_, user0_.reset_date as reset_d14_4_, user0_.reset_key as reset_k15_4_ from jhi_user user0_ where user0_.login=?
Hibernate: select user0_.id as id1_4_, user0_.created_by as created_2_4_, user0_.created_date as created_3_4_, user0_.last_modified_by as last_mod4_4_, user0_.last_modified_date as last_mod5_4_, user0_.activated as activate6_4_, user0_.activation_key as activati7_4_, user0_.email as email8_4_, user0_.first_name as first_na9_4_, user0_.lang_key as lang_ke10_4_, user0_.last_name as last_na11_4_, user0_.login as login12_4_, user0_.password as passwor13_4_, user0_.reset_date as reset_d14_4_, user0_.reset_key as reset_k15_4_ from jhi_user user0_ where user0_.email=?
Hibernate: select authority0_.name as name1_0_0_ from jhi_authority authority0_ where authority0_.name=?
Hibernate: insert into jhi_user (id, created_by, created_date, last_modified_by, last_modified_date, activated, activation_key, email, first_name, lang_key, last_name, login, password, reset_date, reset_key) values (null, ?, ?, ?, ?, ?, ?, ?, ?, ?, ?, ?, ?, ?, ?)
[DEBUG] com.jobvacancy.service.UserService - Created Information for User: User{login='alice', firstName='Alice', lastName='Something', email='alice@example.com', activated='true', langKey='en', activationKey='null'}
Hibernate: select user0_.id as id1_4_, user0_.created_by as created_2_4_, user0_.created_date as created_3_4_, user0_.last_modified_by as last_mod4_4_, user0_.last_modified_date as last_mod5_4_, user0_.activated as activate6_4_, user0_.activation_key as activati7_4_, user0_.email as email8_4_, user0_.first_name as first_na9_4_, user0_.lang_key as lang_ke10_4_, user0_.last_name as last_na11_4_, user0_.login as login12_4_, user0_.password as passwor13_4_, user0_.reset_date as reset_d14_4_, user0_.reset_key as reset_k15_4_ from jhi_user user0_ where user0_.login=?
Hibernate: select user0_.id as id1_4_, user0_.created_by as created_2_4_, user0_.created_date as created_3_4_, user0_.last_modified_by as last_mod4_4_, user0_.last_modified_date as last_mod5_4_, user0_.activated as activate6_4_, user0_.activation_key as activati7_4_, user0_.email as email8_4_, user0_.first_name as first_na9_4_, user0_.lang_key as lang_ke10_4_, user0_.last_name as last_na11_4_, user0_.login as login12_4_, user0_.password as passwor13_4_, user0_.reset_date as reset_d14_4_, user0_.reset_key as reset_k15_4_ from jhi_user user0_ where user0_.email=?
[DEBUG] com.jobvacancy.web.rest.AccountResource - REST request to check if the current user is authenticated
Hibernate: select user0_.id as id1_4_, user0_.created_by as created_2_4_, user0_.created_date as created_3_4_, user0_.last_modified_by as last_mod4_4_, user0_.last_modified_date as last_mod5_4_, user0_.activated as activate6_4_, user0_.activation_key as activati7_4_, user0_.email as email8_4_, user0_.first_name as first_na9_4_, user0_.lang_key as lang_ke10_4_, user0_.last_name as last_na11_4_, user0_.login as login12_4_, user0_.password as passwor13_4_, user0_.reset_date as reset_d14_4_, user0_.reset_key as reset_k15_4_ from jhi_user user0_ where user0_.login=?
Hibernate: select user0_.id as id1_4_, user0_.created_by as created_2_4_, user0_.created_date as created_3_4_, user0_.last_modified_by as last_mod4_4_, user0_.last_modified_date as last_mod5_4_, user0_.activated as activate6_4_, user0_.activation_key as activati7_4_, user0_.email as email8_4_, user0_.first_name as first_na9_4_, user0_.lang_key as lang_ke10_4_, user0_.last_name as last_na11_4_, user0_.login as login12_4_, user0_.password as passwor13_4_, user0_.reset_date as reset_d14_4_, user0_.reset_key as reset_k15_4_ from jhi_user user0_ where user0_.email=?
Hibernate: select authority0_.name as name1_0_0_ from jhi_authority authority0_ where authority0_.name=?
Hibernate: insert into jhi_user (id, created_by, created_date, last_modified_by, last_modified_date, activated, activation_key, email, first_name, lang_key, last_name, login, password, reset_date, reset_key) values (null, ?, ?, ?, ?, ?, ?, ?, ?, ?, ?, ?, ?, ?, ?)
[DEBUG] com.jobvacancy.service.UserService - Created Information for User: User{login='joe', firstName='Joe', lastName='Shmoe', email='joe@example.com', activated='true', langKey='en', activationKey='null'}
Hibernate: select user0_.id as id1_4_, user0_.created_by as created_2_4_, user0_.created_date as created_3_4_, user0_.last_modified_by as last_mod4_4_, user0_.last_modified_date as last_mod5_4_, user0_.activated as activate6_4_, user0_.activation_key as activati7_4_, user0_.email as email8_4_, user0_.first_name as first_na9_4_, user0_.lang_key as lang_ke10_4_, user0_.last_name as last_na11_4_, user0_.login as login12_4_, user0_.password as passwor13_4_, user0_.reset_date as reset_d14_4_, user0_.reset_key as reset_k15_4_ from jhi_user user0_ where user0_.login=?
[DEBUG] com.jobvacancy.web.rest.AccountResource - REST request to check if the current user is authenticated
Tests run: 10, Failures: 0, Errors: 0, Skipped: 0, Time elapsed: 2.174 sec - in com.jobvacancy.web.rest.AccountResourceTest
Running com.jobvacancy.web.rest.ApplicationResourceTest
Hibernate: select user0_.id as id1_4_, user0_.created_by as created_2_4_, user0_.created_date as created_3_4_, user0_.last_modified_by as last_mod4_4_, user0_.last_modified_date as last_mod5_4_, user0_.activated as activate6_4_, user0_.activation_key as activati7_4_, user0_.email as email8_4_, user0_.first_name as first_na9_4_, user0_.lang_key as lang_ke10_4_, user0_.last_name as last_na11_4_, user0_.login as login12_4_, user0_.password as passwor13_4_, user0_.reset_date as reset_d14_4_, user0_.reset_key as reset_k15_4_ from jhi_user user0_ where user0_.login=?
Tests run: 1, Failures: 0, Errors: 1, Skipped: 0, Time elapsed: 0.064 sec <<< FAILURE! - in com.jobvacancy.web.rest.ApplicationResourceTest
createJobApplication(com.jobvacancy.web.rest.ApplicationResourceTest)  Time elapsed: 0.011 sec  <<< ERROR!
org.mockito.exceptions.misusing.MissingMethodInvocationException: 
when() requires an argument which has to be 'a method call on a mock'.
For example:
    when(mock.getArticles()).thenReturn(articles);

Also, this error might show up because:
1. you stub either of: final/private/equals()/hashCode() methods.
   Those methods *cannot* be stubbed/verified.
   Mocking methods declared on non-public parent classes is not supported.
2. inside when() you don't call method on mock but on some other object.

	at com.jobvacancy.web.rest.ApplicationResourceTest.createJobApplication(ApplicationResourceTest.java:98)

Running com.jobvacancy.web.rest.AuditResourceTest
Hibernate: select persistent0_.event_id as event_id1_1_, persistent0_.event_date as event_da2_1_, persistent0_.event_type as event_ty3_1_, persistent0_.principal as principa4_1_ from jhi_persistent_audit_event persistent0_
Hibernate: select persistent0_.event_id as event_id1_1_0_, persistent0_.event_date as event_da2_1_0_, persistent0_.event_type as event_ty3_1_0_, persistent0_.principal as principa4_1_0_ from jhi_persistent_audit_event persistent0_ where persistent0_.event_id=?
Hibernate: select persistent0_.event_id as event_id1_1_, persistent0_.event_date as event_da2_1_, persistent0_.event_type as event_ty3_1_, persistent0_.principal as principa4_1_ from jhi_persistent_audit_event persistent0_
Hibernate: insert into jhi_persistent_audit_event (event_id, event_date, event_type, principal) values (null, ?, ?, ?)
Hibernate: select persistent0_.event_id as event_id1_1_, persistent0_.event_date as event_da2_1_, persistent0_.event_type as event_ty3_1_, persistent0_.principal as principa4_1_ from jhi_persistent_audit_event persistent0_
Hibernate: select persistent0_.event_id as event_id1_1_, persistent0_.event_date as event_da2_1_, persistent0_.event_type as event_ty3_1_, persistent0_.principal as principa4_1_ from jhi_persistent_audit_event persistent0_
Hibernate: insert into jhi_persistent_audit_event (event_id, event_date, event_type, principal) values (null, ?, ?, ?)
Tests run: 3, Failures: 0, Errors: 0, Skipped: 0, Time elapsed: 0.175 sec - in com.jobvacancy.web.rest.AuditResourceTest
Running com.jobvacancy.web.rest.JobOfferResourceTest
Hibernate: select user0_.id as id1_4_, user0_.created_by as created_2_4_, user0_.created_date as created_3_4_, user0_.last_modified_by as last_mod4_4_, user0_.last_modified_date as last_mod5_4_, user0_.activated as activate6_4_, user0_.activation_key as activati7_4_, user0_.email as email8_4_, user0_.first_name as first_na9_4_, user0_.lang_key as lang_ke10_4_, user0_.last_name as last_na11_4_, user0_.login as login12_4_, user0_.password as passwor13_4_, user0_.reset_date as reset_d14_4_, user0_.reset_key as reset_k15_4_ from jhi_user user0_ where user0_.login=?
Hibernate: select joboffer0_.id as id1_6_, joboffer0_.description as descript2_6_, joboffer0_.experiencia as experien3_6_, joboffer0_.location as location4_6_, joboffer0_.owner_id as owner_id6_6_, joboffer0_.title as title5_6_ from job_offer joboffer0_
Hibernate: select joboffer0_.id as id1_6_, joboffer0_.description as descript2_6_, joboffer0_.experiencia as experien3_6_, joboffer0_.location as location4_6_, joboffer0_.owner_id as owner_id6_6_, joboffer0_.title as title5_6_ from job_offer joboffer0_
Hibernate: select user0_.id as id1_4_, user0_.created_by as created_2_4_, user0_.created_date as created_3_4_, user0_.last_modified_by as last_mod4_4_, user0_.last_modified_date as last_mod5_4_, user0_.activated as activate6_4_, user0_.activation_key as activati7_4_, user0_.email as email8_4_, user0_.first_name as first_na9_4_, user0_.lang_key as lang_ke10_4_, user0_.last_name as last_na11_4_, user0_.login as login12_4_, user0_.password as passwor13_4_, user0_.reset_date as reset_d14_4_, user0_.reset_key as reset_k15_4_ from jhi_user user0_ where user0_.login=?
[DEBUG] com.jobvacancy.web.rest.JobOfferResource - REST request to save JobOffer : JobOffer{id=null, title='SAMPLE_TEXT', location='SAMPLE_TEXT', description='SAMPLE_TEXT', experiencia='-4'}
Hibernate: select user0_.id as id1_4_, user0_.created_by as created_2_4_, user0_.created_date as created_3_4_, user0_.last_modified_by as last_mod4_4_, user0_.last_modified_date as last_mod5_4_, user0_.activated as activate6_4_, user0_.activation_key as activati7_4_, user0_.email as email8_4_, user0_.first_name as first_na9_4_, user0_.lang_key as lang_ke10_4_, user0_.last_name as last_na11_4_, user0_.login as login12_4_, user0_.password as passwor13_4_, user0_.reset_date as reset_d14_4_, user0_.reset_key as reset_k15_4_ from jhi_user user0_ where user0_.login=?
Hibernate: insert into job_offer (id, description, experiencia, location, owner_id, title) values (null, ?, ?, ?, ?, ?)
Hibernate: select joboffer0_.id as id1_6_, joboffer0_.description as descript2_6_, joboffer0_.experiencia as experien3_6_, joboffer0_.location as location4_6_, joboffer0_.owner_id as owner_id6_6_, joboffer0_.title as title5_6_ from job_offer joboffer0_
[DEBUG] com.jobvacancy.web.rest.JobOfferResource - REST request to update JobOffer : JobOffer{id=1, title='UPDATED_TEXT', location='UPDATED_TEXT', description='UPDATED_TEXT', experiencia='3'}
Hibernate: update job_offer set description=?, experiencia=?, location=?, owner_id=?, title=? where id=?
Hibernate: select joboffer0_.id as id1_6_, joboffer0_.description as descript2_6_, joboffer0_.experiencia as experien3_6_, joboffer0_.location as location4_6_, joboffer0_.owner_id as owner_id6_6_, joboffer0_.title as title5_6_ from job_offer joboffer0_
Hibernate: select user0_.id as id1_4_, user0_.created_by as created_2_4_, user0_.created_date as created_3_4_, user0_.last_modified_by as last_mod4_4_, user0_.last_modified_date as last_mod5_4_, user0_.activated as activate6_4_, user0_.activation_key as activati7_4_, user0_.email as email8_4_, user0_.first_name as first_na9_4_, user0_.lang_key as lang_ke10_4_, user0_.last_name as last_na11_4_, user0_.login as login12_4_, user0_.password as passwor13_4_, user0_.reset_date as reset_d14_4_, user0_.reset_key as reset_k15_4_ from jhi_user user0_ where user0_.login=?
Hibernate: select joboffer0_.id as id1_6_, joboffer0_.description as descript2_6_, joboffer0_.experiencia as experien3_6_, joboffer0_.location as location4_6_, joboffer0_.owner_id as owner_id6_6_, joboffer0_.title as title5_6_ from job_offer joboffer0_
[DEBUG] com.jobvacancy.web.rest.JobOfferResource - REST request to save JobOffer : JobOffer{id=null, title='SAMPLE_TEXT', location='SAMPLE_TEXT', description='SAMPLE_TEXT', experiencia='null'}
Hibernate: insert into job_offer (id, description, experiencia, location, owner_id, title) values (null, ?, ?, ?, ?, ?)
Hibernate: select joboffer0_.id as id1_6_, joboffer0_.description as descript2_6_, joboffer0_.experiencia as experien3_6_, joboffer0_.location as location4_6_, joboffer0_.owner_id as owner_id6_6_, joboffer0_.title as title5_6_ from job_offer joboffer0_
Hibernate: select user0_.id as id1_4_, user0_.created_by as created_2_4_, user0_.created_date as created_3_4_, user0_.last_modified_by as last_mod4_4_, user0_.last_modified_date as last_mod5_4_, user0_.activated as activate6_4_, user0_.activation_key as activati7_4_, user0_.email as email8_4_, user0_.first_name as first_na9_4_, user0_.lang_key as lang_ke10_4_, user0_.last_name as last_na11_4_, user0_.login as login12_4_, user0_.password as passwor13_4_, user0_.reset_date as reset_d14_4_, user0_.reset_key as reset_k15_4_ from jhi_user user0_ where user0_.login=?
Hibernate: insert into job_offer (id, description, experiencia, location, owner_id, title) values (null, ?, ?, ?, ?, ?)
[DEBUG] com.jobvacancy.web.rest.JobOfferResource - REST request to get JobOffer : 3
Hibernate: select user0_.id as id1_4_, user0_.created_by as created_2_4_, user0_.created_date as created_3_4_, user0_.last_modified_by as last_mod4_4_, user0_.last_modified_date as last_mod5_4_, user0_.activated as activate6_4_, user0_.activation_key as activati7_4_, user0_.email as email8_4_, user0_.first_name as first_na9_4_, user0_.lang_key as lang_ke10_4_, user0_.last_name as last_na11_4_, user0_.login as login12_4_, user0_.password as passwor13_4_, user0_.reset_date as reset_d14_4_, user0_.reset_key as reset_k15_4_ from jhi_user user0_ where user0_.login=?
[DEBUG] com.jobvacancy.web.rest.JobOfferResource - REST request to get JobOffer : 9223372036854775807
Hibernate: select joboffer0_.id as id1_6_0_, joboffer0_.description as descript2_6_0_, joboffer0_.experiencia as experien3_6_0_, joboffer0_.location as location4_6_0_, joboffer0_.owner_id as owner_id6_6_0_, joboffer0_.title as title5_6_0_, user1_.id as id1_4_1_, user1_.created_by as created_2_4_1_, user1_.created_date as created_3_4_1_, user1_.last_modified_by as last_mod4_4_1_, user1_.last_modified_date as last_mod5_4_1_, user1_.activated as activate6_4_1_, user1_.activation_key as activati7_4_1_, user1_.email as email8_4_1_, user1_.first_name as first_na9_4_1_, user1_.lang_key as lang_ke10_4_1_, user1_.last_name as last_na11_4_1_, user1_.login as login12_4_1_, user1_.password as passwor13_4_1_, user1_.reset_date as reset_d14_4_1_, user1_.reset_key as reset_k15_4_1_ from job_offer joboffer0_ left outer join jhi_user user1_ on joboffer0_.owner_id=user1_.id where joboffer0_.id=?
Hibernate: select user0_.id as id1_4_, user0_.created_by as created_2_4_, user0_.created_date as created_3_4_, user0_.last_modified_by as last_mod4_4_, user0_.last_modified_date as last_mod5_4_, user0_.activated as activate6_4_, user0_.activation_key as activati7_4_, user0_.email as email8_4_, user0_.first_name as first_na9_4_, user0_.lang_key as lang_ke10_4_, user0_.last_name as last_na11_4_, user0_.login as login12_4_, user0_.password as passwor13_4_, user0_.reset_date as reset_d14_4_, user0_.reset_key as reset_k15_4_ from jhi_user user0_ where user0_.login=?
Hibernate: insert into job_offer (id, description, experiencia, location, owner_id, title) values (null, ?, ?, ?, ?, ?)
Hibernate: select joboffer0_.id as id1_6_, joboffer0_.description as descript2_6_, joboffer0_.experiencia as experien3_6_, joboffer0_.location as location4_6_, joboffer0_.owner_id as owner_id6_6_, joboffer0_.title as title5_6_ from job_offer joboffer0_
[DEBUG] com.jobvacancy.web.rest.JobOfferResource - REST request to delete JobOffer : 4
Hibernate: delete from job_offer where id=?
Hibernate: select joboffer0_.id as id1_6_, joboffer0_.description as descript2_6_, joboffer0_.experiencia as experien3_6_, joboffer0_.location as location4_6_, joboffer0_.owner_id as owner_id6_6_, joboffer0_.title as title5_6_ from job_offer joboffer0_
Tests run: 8, Failures: 0, Errors: 0, Skipped: 1, Time elapsed: 0.37 sec - in com.jobvacancy.web.rest.JobOfferResourceTest
Running com.jobvacancy.web.rest.SearchTest
Hibernate: select joboffer0_.id as id1_6_, joboffer0_.description as descript2_6_, joboffer0_.experiencia as experien3_6_, joboffer0_.location as location4_6_, joboffer0_.owner_id as owner_id6_6_, joboffer0_.title as title5_6_ from job_offer joboffer0_
Hibernate: insert into job_offer (id, description, experiencia, location, owner_id, title) values (null, ?, ?, ?, ?, ?)
Hibernate: insert into job_offer (id, description, experiencia, location, owner_id, title) values (null, ?, ?, ?, ?, ?)
Hibernate: select joboffer0_.id as id1_6_, joboffer0_.description as descript2_6_, joboffer0_.experiencia as experien3_6_, joboffer0_.location as location4_6_, joboffer0_.owner_id as owner_id6_6_, joboffer0_.title as title5_6_ from job_offer joboffer0_
Tests run: 1, Failures: 0, Errors: 0, Skipped: 0, Time elapsed: 0.042 sec - in com.jobvacancy.web.rest.SearchTest
Running com.jobvacancy.web.rest.UserResourceTest
[DEBUG] com.jobvacancy.web.rest.UserResource - REST request to get User : unknown
Hibernate: select user0_.id as id1_4_, user0_.created_by as created_2_4_, user0_.created_date as created_3_4_, user0_.last_modified_by as last_mod4_4_, user0_.last_modified_date as last_mod5_4_, user0_.activated as activate6_4_, user0_.activation_key as activati7_4_, user0_.email as email8_4_, user0_.first_name as first_na9_4_, user0_.lang_key as lang_ke10_4_, user0_.last_name as last_na11_4_, user0_.login as login12_4_, user0_.password as passwor13_4_, user0_.reset_date as reset_d14_4_, user0_.reset_key as reset_k15_4_ from jhi_user user0_ where user0_.login=?
[DEBUG] com.jobvacancy.web.rest.UserResource - REST request to get User : admin
Hibernate: select user0_.id as id1_4_, user0_.created_by as created_2_4_, user0_.created_date as created_3_4_, user0_.last_modified_by as last_mod4_4_, user0_.last_modified_date as last_mod5_4_, user0_.activated as activate6_4_, user0_.activation_key as activati7_4_, user0_.email as email8_4_, user0_.first_name as first_na9_4_, user0_.lang_key as lang_ke10_4_, user0_.last_name as last_na11_4_, user0_.login as login12_4_, user0_.password as passwor13_4_, user0_.reset_date as reset_d14_4_, user0_.reset_key as reset_k15_4_ from jhi_user user0_ where user0_.login=?
Hibernate: select authoritie0_.user_id as user_id1_4_0_, authoritie0_.authority_name as authorit2_5_0_, authority1_.name as name1_0_1_ from jhi_user_authority authoritie0_ inner join jhi_authority authority1_ on authoritie0_.authority_name=authority1_.name where authoritie0_.user_id=?
Tests run: 2, Failures: 0, Errors: 0, Skipped: 0, Time elapsed: 0.082 sec - in com.jobvacancy.web.rest.UserResourceTest
Running com.jobvacancy.web.rest.utils.ValidatorJobAplicationDataTest
Tests run: 2, Failures: 0, Errors: 0, Skipped: 0, Time elapsed: 0.006 sec - in com.jobvacancy.web.rest.utils.ValidatorJobAplicationDataTest

Results :

Tests in error: 
  CucumberTest.initializationError Â» Cucumber Error parsing feature file linkCV....
  ApplicationResourceTest.createJobApplication:98 MissingMethodInvocation 
when(...

Tests run: 38, Failures: 0, Errors: 2, Skipped: 2

[INFO] ------------------------------------------------------------------------
[INFO] BUILD FAILURE
[INFO] ------------------------------------------------------------------------
[INFO] Total time: 44.631s
[INFO] Finished at: Sun Nov 12 21:00:01 ART 2017
[INFO] Final Memory: 34M/275M
[INFO] ------------------------------------------------------------------------
[ERROR] Failed to execute goal org.apache.maven.plugins:maven-surefire-plugin:2.17:test (default-test) on project jobvacancy: There are test failures.
[ERROR] 
[ERROR] Please refer to /home/lago/prueba/nuevo/target/surefire-reports for the individual test results.
[ERROR] -> [Help 1]
[ERROR] 
[ERROR] To see the full stack trace of the errors, re-run Maven with the -e switch.
[ERROR] Re-run Maven using the -X switch to enable full debug logging.
[ERROR] 
[ERROR] For more information about the errors and possible solutions, please read the following articles:
[ERROR] [Help 1] http://cwiki.apache.org/confluence/display/MAVEN/MojoFailureException
